{"L":"ERROR","timestamp":"2025-07-13T11:23:08.646+0800","C":"usecase/user.go:66","M":"Failed to generate token","error":"key is of invalid type: HMAC sign expects []byte"}
{"L":"ERROR","timestamp":"2025-07-13T11:23:08.649+0800","C":"adaptor/user.go:70","M":"error : ","error":"key is of invalid type: HMAC sign expects []byte"}
{"L":"INFO","timestamp":"2025-07-13T11:23:08.650+0800","C":"middleware/logger.go:26","M":"HTTP Request","method":"POST","path":"/api/v1/login","duration":"1.7479229s"}
{"L":"INFO","timestamp":"2025-07-13T11:27:45.820+0800","C":"middleware/logger.go:26","M":"HTTP Request","method":"POST","path":"/api/v1/login","duration":"323.5937ms"}
{"L":"INFO","timestamp":"2025-07-13T11:28:17.593+0800","C":"middleware/logger.go:26","M":"HTTP Request","method":"GET","path":"/api/v1/user/profile","duration":"2.414ms"}
{"L":"INFO","timestamp":"2025-07-13T11:28:24.741+0800","C":"middleware/logger.go:26","M":"HTTP Request","method":"GET","path":"/api/v1/user/profile","duration":"895.9µs"}
{"L":"INFO","timestamp":"2025-07-13T11:28:31.403+0800","C":"middleware/logger.go:26","M":"HTTP Request","method":"GET","path":"/api/v1/user/profile","duration":"1.7294ms"}
{"L":"INFO","timestamp":"2025-07-13T11:28:43.370+0800","C":"middleware/logger.go:26","M":"HTTP Request","method":"POST","path":"/api/v1/logout","duration":"5.2102ms"}
{"L":"INFO","timestamp":"2025-07-13T11:28:53.472+0800","C":"middleware/logger.go:26","M":"HTTP Request","method":"GET","path":"/api/v1/user/profile","duration":"1.4279ms"}
{"L":"INFO","timestamp":"2025-07-13T11:28:56.777+0800","C":"middleware/logger.go:26","M":"HTTP Request","method":"GET","path":"/api/v1/user/profile","duration":"1.1343ms"}
{"L":"INFO","timestamp":"2025-07-13T11:28:58.329+0800","C":"middleware/logger.go:26","M":"HTTP Request","method":"GET","path":"/api/v1/user/profile","duration":"920.4µs"}
{"L":"INFO","timestamp":"2025-07-13T11:29:09.065+0800","C":"middleware/logger.go:26","M":"HTTP Request","method":"POST","path":"/api/v1/logout","duration":"1.2468ms"}
{"L":"INFO","timestamp":"2025-07-13T11:29:11.326+0800","C":"middleware/logger.go:26","M":"HTTP Request","method":"POST","path":"/api/v1/logout","duration":"877.3µs"}
{"L":"INFO","timestamp":"2025-07-13T11:29:59.759+0800","C":"middleware/logger.go:26","M":"HTTP Request","method":"POST","path":"/api/v1/logout","duration":"0s"}
{"L":"INFO","timestamp":"2025-07-13T11:30:34.687+0800","C":"middleware/logger.go:26","M":"HTTP Request","method":"POST","path":"/api/v1/logout","duration":"0s"}
{"L":"INFO","timestamp":"2025-07-13T11:30:36.400+0800","C":"middleware/logger.go:26","M":"HTTP Request","method":"POST","path":"/api/v1/logout","duration":"0s"}
{"L":"INFO","timestamp":"2025-07-13T11:31:00.520+0800","C":"middleware/logger.go:26","M":"HTTP Request","method":"POST","path":"/api/v1/login","duration":"359.0069ms"}
{"L":"INFO","timestamp":"2025-07-13T11:31:34.198+0800","C":"middleware/logger.go:26","M":"HTTP Request","method":"GET","path":"/api/v1/user/profile","duration":"3.3664ms"}
{"L":"INFO","timestamp":"2025-07-13T11:32:31.684+0800","C":"middleware/logger.go:26","M":"HTTP Request","method":"POST","path":"/api/v1/login","duration":"137.7898ms"}
{"L":"INFO","timestamp":"2025-07-13T11:32:41.240+0800","C":"middleware/logger.go:26","M":"HTTP Request","method":"GET","path":"/api/v1/user/profile","duration":"509.8µs"}
{"L":"INFO","timestamp":"2025-07-13T11:32:51.291+0800","C":"middleware/logger.go:26","M":"HTTP Request","method":"GET","path":"/api/v1/user/profile","duration":"532µs"}
{"L":"INFO","timestamp":"2025-07-13T11:34:02.508+0800","C":"middleware/logger.go:26","M":"HTTP Request","method":"GET","path":"/api/v1/user/profile","duration":"1.3846ms"}
{"L":"INFO","timestamp":"2025-07-13T11:35:19.427+0800","C":"middleware/logger.go:26","M":"HTTP Request","method":"GET","path":"/api/v1/user/profile","duration":"2.9097ms"}
{"L":"INFO","timestamp":"2025-07-13T11:37:03.464+0800","C":"middleware/logger.go:26","M":"HTTP Request","method":"GET","path":"/api/v1/user/profile","duration":"155.4259ms"}
{"L":"INFO","timestamp":"2025-07-13T11:38:42.171+0800","C":"middleware/logger.go:26","M":"HTTP Request","method":"GET","path":"/api/v1/user/profile","duration":"195.6063ms"}
{"L":"INFO","timestamp":"2025-07-13T11:38:43.913+0800","C":"middleware/logger.go:26","M":"HTTP Request","method":"GET","path":"/api/v1/user/profile","duration":"1.165ms"}
{"L":"INFO","timestamp":"2025-07-13T11:39:09.325+0800","C":"middleware/logger.go:26","M":"HTTP Request","method":"GET","path":"/api/v1/user/profile","duration":"0s"}
{"L":"INFO","timestamp":"2025-07-13T11:39:17.125+0800","C":"middleware/logger.go:26","M":"HTTP Request","method":"POST","path":"/api/v1/login","duration":"156.6415ms"}
{"L":"INFO","timestamp":"2025-07-13T11:39:33.307+0800","C":"middleware/logger.go:26","M":"HTTP Request","method":"GET","path":"/api/v1/user/profile","duration":"930.9µs"}
{"L":"INFO","timestamp":"2025-07-13T11:39:38.253+0800","C":"middleware/logger.go:26","M":"HTTP Request","method":"POST","path":"/api/v1/logout","duration":"0s"}
{"L":"INFO","timestamp":"2025-07-13T11:39:40.836+0800","C":"middleware/logger.go:26","M":"HTTP Request","method":"POST","path":"/api/v1/logout","duration":"0s"}
{"L":"INFO","timestamp":"2025-07-13T11:39:52.887+0800","C":"middleware/logger.go:26","M":"HTTP Request","method":"POST","path":"/api/v1/logout","duration":"1.6581ms"}
{"L":"INFO","timestamp":"2025-07-13T11:40:03.068+0800","C":"middleware/logger.go:26","M":"HTTP Request","method":"GET","path":"/api/v1/user/profile","duration":"1.3411ms"}
{"L":"INFO","timestamp":"2025-07-13T12:24:13.089+0800","C":"middleware/logger.go:26","M":"HTTP Request","method":"GET","path":"/api/v1/cinemas","duration":"190.2903ms"}
{"L":"INFO","timestamp":"2025-07-13T12:25:52.173+0800","C":"middleware/logger.go:26","M":"HTTP Request","method":"GET","path":"/api/v1/cinemas","duration":"213.9356ms"}
{"L":"INFO","timestamp":"2025-07-13T12:41:50.473+0800","C":"middleware/logger.go:26","M":"HTTP Request","method":"GET","path":"/api/v1/cinemas/1","duration":"189.082ms"}
{"L":"INFO","timestamp":"2025-07-13T12:41:56.232+0800","C":"middleware/logger.go:26","M":"HTTP Request","method":"GET","path":"/api/v1/cinemas/2","duration":"848.3µs"}
{"L":"ERROR","timestamp":"2025-07-13T13:09:28.322+0800","C":"adaptor/user.go:63","M":"error : ","error":"Key: 'LoginRequest.Password' Error:Field validation for 'Password' failed on the 'required' tag"}
{"L":"INFO","timestamp":"2025-07-13T13:09:28.325+0800","C":"middleware/logger.go:26","M":"HTTP Request","method":"POST","path":"/api/v1/login","duration":"3.0687ms"}
{"L":"INFO","timestamp":"2025-07-13T13:43:53.928+0800","C":"middleware/logger.go:26","M":"HTTP Request","method":"POST","path":"/api/v1/booking","duration":"659µs"}
{"L":"INFO","timestamp":"2025-07-13T13:44:08.109+0800","C":"middleware/logger.go:26","M":"HTTP Request","method":"POST","path":"/api/v1/login","duration":"331.9511ms"}
{"L":"INFO","timestamp":"2025-07-13T13:44:41.166+0800","C":"middleware/logger.go:26","M":"HTTP Request","method":"POST","path":"/api/v1/booking","duration":"22.3784ms"}
{"L":"INFO","timestamp":"2025-07-13T13:45:53.014+0800","C":"middleware/logger.go:26","M":"HTTP Request","method":"POST","path":"/api/v1/booking","duration":"168.7049ms"}
{"L":"INFO","timestamp":"2025-07-13T13:51:11.738+0800","C":"middleware/logger.go:26","M":"HTTP Request","method":"POST","path":"/api/v1/booking","duration":"306.6646ms"}
{"L":"INFO","timestamp":"2025-07-13T13:53:07.279+0800","C":"middleware/logger.go:26","M":"HTTP Request","method":"POST","path":"/api/v1/booking","duration":"169.2951ms"}
{"L":"INFO","timestamp":"2025-07-13T13:59:59.380+0800","C":"middleware/logger.go:26","M":"HTTP Request","method":"POST","path":"/api/v1/booking","duration":"158.9973ms"}
{"L":"INFO","timestamp":"2025-07-13T14:00:50.889+0800","C":"middleware/logger.go:26","M":"HTTP Request","method":"POST","path":"/api/v1/booking","duration":"25.0075ms"}
